<?xml version="1.0" encoding="UTF-8"?>
<!-- Generated by org.testng.reporters.JUnitReportReporter -->
<testsuite skipped="0" hostname="HEMA-PC" name="ContactTest.CreateContactTest" tests="1" failures="0" timestamp="08 Jul 2020 13:49:41 GMT" time="39.755" errors="0">
  <testcase name="TestStart" time="39.755" classname="ContactTest.CreateContactTest"/>
</testsuite> <!-- ContactTest.CreateContactTest -->
