<?xml version="1.0" encoding="UTF-8"?>
<!-- Generated by org.testng.reporters.JUnitReportReporter -->
<testsuite skipped="0" hostname="HEMA-PC" name="Compaign.CreateCompaign" tests="1" failures="0" timestamp="08 Jul 2020 06:16:13 GMT" time="85.301" errors="0">
  <testcase name="Compaign" time="85.301" classname="Compaign.CreateCompaign"/>
</testsuite> <!-- Compaign.CreateCompaign -->
