<?xml version="1.0" encoding="UTF-8"?>
<!-- Generated by org.testng.reporters.JUnitReportReporter -->
<testsuite skipped="0" hostname="HEMA-PC" name="OrganizationTest.CreateOrganizationTest" tests="1" failures="0" timestamp="08 Jul 2020 07:57:03 GMT" time="46.919" errors="0">
  <testcase name="TestStart" time="46.919" classname="OrganizationTest.CreateOrganizationTest"/>
</testsuite> <!-- OrganizationTest.CreateOrganizationTest -->
