<?xml version="1.0" encoding="UTF-8"?>
<!-- Generated by org.testng.reporters.JUnitReportReporter -->
<testsuite skipped="0" hostname="HEMA-PC" name="CompaignTest.CreateCompainTest" tests="1" failures="0" timestamp="08 Jul 2020 12:13:58 GMT" time="31.466" errors="0">
  <testcase name="TestStart" time="31.466" classname="CompaignTest.CreateCompainTest"/>
</testsuite> <!-- CompaignTest.CreateCompainTest -->
