<?xml version="1.0" encoding="UTF-8"?>
<!-- Generated by org.testng.reporters.JUnitReportReporter -->
<testsuite skipped="0" hostname="HEMA-PC" name="ContactTest.CreateContactTest" tests="1" failures="0" timestamp="10 Jul 2020 16:17:39 GMT" time="29.825" errors="0">
  <testcase name="TestStart" time="29.825" classname="ContactTest.CreateContactTest"/>
</testsuite> <!-- ContactTest.CreateContactTest -->
