<?xml version="1.0" encoding="UTF-8"?>
<!-- Generated by org.testng.reporters.JUnitReportReporter -->
<testsuite skipped="0" hostname="HEMA-PC" name="OrganizationTest.CreateOrganizationTest" tests="1" failures="0" timestamp="10 Jul 2020 16:17:39 GMT" time="38.073" errors="0">
  <testcase name="TestStart" time="38.073" classname="OrganizationTest.CreateOrganizationTest"/>
</testsuite> <!-- OrganizationTest.CreateOrganizationTest -->
