<?xml version="1.0" encoding="UTF-8"?>
<!-- Generated by org.testng.reporters.JUnitReportReporter -->
<testsuite skipped="0" hostname="HEMA-PC" name="CompaignTest.CreateCompainTest" tests="1" failures="0" timestamp="10 Jul 2020 16:17:39 GMT" time="71.446" errors="0">
  <testcase name="TestStart" time="71.446" classname="CompaignTest.CreateCompainTest"/>
</testsuite> <!-- CompaignTest.CreateCompainTest -->
